2025/05/20 15:40:02 INFO  - jmeter.util.JMeterUtils: Setting Locale to en_US 
2025/05/20 15:40:03 INFO  - jmeter.JMeter: Loading user properties from: /usr/share/jmeter/bin/user.properties 
2025/05/20 15:40:03 INFO  - jmeter.JMeter: Loading system properties from: /usr/share/jmeter/bin/system.properties 
2025/05/20 15:40:03 INFO  - jmeter.JMeter: Copyright (c) 1998-2015 The Apache Software Foundation 
2025/05/20 15:40:03 INFO  - jmeter.JMeter: Version 2.13.19691222 
2025/05/20 15:40:03 INFO  - jmeter.JMeter: java.version=11.0.27 
2025/05/20 15:40:03 INFO  - jmeter.JMeter: java.vm.name=OpenJDK 64-Bit Server VM 
2025/05/20 15:40:03 INFO  - jmeter.JMeter: os.name=Linux 
2025/05/20 15:40:03 INFO  - jmeter.JMeter: os.arch=amd64 
2025/05/20 15:40:03 INFO  - jmeter.JMeter: os.version=5.15.0-140-generic 
2025/05/20 15:40:03 INFO  - jmeter.JMeter: file.encoding=UTF-8 
2025/05/20 15:40:03 INFO  - jmeter.JMeter: Default Locale=English (United States) 
2025/05/20 15:40:03 INFO  - jmeter.JMeter: JMeter  Locale=English (United States) 
2025/05/20 15:40:03 INFO  - jmeter.JMeter: JMeterHome=/usr/share/jmeter 
2025/05/20 15:40:03 INFO  - jmeter.JMeter: user.dir  =/home/student/Proyecto_Software_3/tickets_3J 
2025/05/20 15:40:03 INFO  - jmeter.JMeter: PWD       =/home/student/Proyecto_Software_3/tickets_3J 
2025/05/20 15:40:03 INFO  - jmeter.JMeter: IP: 127.0.1.1 Name: student92 FullName: student92 
2025/05/20 15:40:03 INFO  - jmeter.gui.action.LookAndFeelCommand: Using look and feel: javax.swing.plaf.metal.MetalLookAndFeel [Metal, CrossPlatform, System] 
2025/05/20 15:40:03 INFO  - jmeter.JMeter: Loaded icon properties from org/apache/jmeter/images/icon.properties 
2025/05/20 15:40:06 WARN  - jmeter.gui.action.ActionRouter: java.awt.HeadlessException: 
No X11 DISPLAY variable was set, but this program performed an operation which requires it. 
2025/05/20 15:40:06 FATAL - jmeter.JMeter: An error occurred:  java.awt.HeadlessException: 
No X11 DISPLAY variable was set, but this program performed an operation which requires it.
	at java.desktop/java.awt.GraphicsEnvironment.checkHeadless(GraphicsEnvironment.java:208)
	at java.desktop/java.awt.Window.<init>(Window.java:548)
	at java.desktop/java.awt.Frame.<init>(Frame.java:423)
	at java.desktop/java.awt.Frame.<init>(Frame.java:388)
	at java.desktop/javax.swing.JFrame.<init>(JFrame.java:180)
	at org.apache.jmeter.gui.MainFrame.<init>(MainFrame.java:190)
	at org.apache.jmeter.JMeter.startGui(JMeter.java:242)
	at org.apache.jmeter.JMeter.start(JMeter.java:387)
	at java.base/jdk.internal.reflect.NativeMethodAccessorImpl.invoke0(Native Method)
	at java.base/jdk.internal.reflect.NativeMethodAccessorImpl.invoke(NativeMethodAccessorImpl.java:62)
	at java.base/jdk.internal.reflect.DelegatingMethodAccessorImpl.invoke(DelegatingMethodAccessorImpl.java:43)
	at java.base/java.lang.reflect.Method.invoke(Method.java:566)
	at org.apache.jmeter.NewDriver.main(NewDriver.java:264)

